Determining if the pthread_create exist failed with the following output:
Change Dir: /home/wanzengchuang/CLionProjects/study-nginx/cmake-build-debug/CMakeFiles/CMakeTmp

Run Build Command:"/usr/bin/make" "cmTC_c330e/fast"
/usr/bin/make -f CMakeFiles/cmTC_c330e.dir/build.make CMakeFiles/cmTC_c330e.dir/build
make[1]: Entering directory '/home/wanzengchuang/CLionProjects/study-nginx/cmake-build-debug/CMakeFiles/CMakeTmp'
Building C object CMakeFiles/cmTC_c330e.dir/CheckSymbolExists.c.o
/usr/bin/cc    -o CMakeFiles/cmTC_c330e.dir/CheckSymbolExists.c.o   -c /home/wanzengchuang/CLionProjects/study-nginx/cmake-build-debug/CMakeFiles/CMakeTmp/CheckSymbolExists.c
Linking C executable cmTC_c330e
/soft/clion-2017.3.4/bin/cmake/bin/cmake -E cmake_link_script CMakeFiles/cmTC_c330e.dir/link.txt --verbose=1
/usr/bin/cc      CMakeFiles/cmTC_c330e.dir/CheckSymbolExists.c.o  -o cmTC_c330e 
CMakeFiles/cmTC_c330e.dir/CheckSymbolExists.c.o: In function `main':
CheckSymbolExists.c:(.text+0x16): undefined reference to `pthread_create'
collect2: error: ld returned 1 exit status
CMakeFiles/cmTC_c330e.dir/build.make:97: recipe for target 'cmTC_c330e' failed
make[1]: *** [cmTC_c330e] Error 1
make[1]: Leaving directory '/home/wanzengchuang/CLionProjects/study-nginx/cmake-build-debug/CMakeFiles/CMakeTmp'
Makefile:126: recipe for target 'cmTC_c330e/fast' failed
make: *** [cmTC_c330e/fast] Error 2

File /home/wanzengchuang/CLionProjects/study-nginx/cmake-build-debug/CMakeFiles/CMakeTmp/CheckSymbolExists.c:
/* */
#include <pthread.h>

int main(int argc, char** argv)
{
  (void)argv;
#ifndef pthread_create
  return ((int*)(&pthread_create))[argc];
#else
  (void)argc;
  return 0;
#endif
}

Determining if the function pthread_create exists in the pthreads failed with the following output:
Change Dir: /home/wanzengchuang/CLionProjects/study-nginx/cmake-build-debug/CMakeFiles/CMakeTmp

Run Build Command:"/usr/bin/make" "cmTC_293e2/fast"
/usr/bin/make -f CMakeFiles/cmTC_293e2.dir/build.make CMakeFiles/cmTC_293e2.dir/build
make[1]: Entering directory '/home/wanzengchuang/CLionProjects/study-nginx/cmake-build-debug/CMakeFiles/CMakeTmp'
Building C object CMakeFiles/cmTC_293e2.dir/CheckFunctionExists.c.o
/usr/bin/cc   -DCHECK_FUNCTION_EXISTS=pthread_create   -o CMakeFiles/cmTC_293e2.dir/CheckFunctionExists.c.o   -c /soft/clion-2017.3.4/bin/cmake/share/cmake-3.9/Modules/CheckFunctionExists.c
Linking C executable cmTC_293e2
/soft/clion-2017.3.4/bin/cmake/bin/cmake -E cmake_link_script CMakeFiles/cmTC_293e2.dir/link.txt --verbose=1
/usr/bin/cc  -DCHECK_FUNCTION_EXISTS=pthread_create    CMakeFiles/cmTC_293e2.dir/CheckFunctionExists.c.o  -o cmTC_293e2 -lpthreads 
/usr/bin/ld: cannot find -lpthreads
collect2: error: ld returned 1 exit status
CMakeFiles/cmTC_293e2.dir/build.make:97: recipe for target 'cmTC_293e2' failed
make[1]: *** [cmTC_293e2] Error 1
make[1]: Leaving directory '/home/wanzengchuang/CLionProjects/study-nginx/cmake-build-debug/CMakeFiles/CMakeTmp'
Makefile:126: recipe for target 'cmTC_293e2/fast' failed
make: *** [cmTC_293e2/fast] Error 2


